<?xml version="1.0" encoding="UTF-8"?>
<!-- Generated by org.testng.reporters.JUnitReportReporter -->
<testsuite hostname="HAMILTON-QA1L" failures="0" tests="2" name="LearnMaven.LearnMTS.AnnotationsTest" time="0.007" errors="0" timestamp="2022-05-09T18:40:09 IST" skipped="0">
  <testcase classname="LearnMaven.LearnMTS.AnnotationsTest" name="deleteTwitter" time="0.003"/>
  <system-out/>
  <testcase classname="LearnMaven.LearnMTS.AnnotationsTest" name="deleteFB" time="0.004"/>
  <system-out/>
</testsuite> <!-- LearnMaven.LearnMTS.AnnotationsTest -->
