<?xml version="1.0" encoding="UTF-8"?>
<!-- Generated by org.testng.reporters.JUnitReportReporter -->
<testsuite hostname="HAMILTON-QA1L" failures="0" tests="1" name="LearnMaven.LearnMTS.RestApiTest" time="0.005" errors="0" timestamp="2022-05-10T16:00:46 IST" skipped="0">
  <testcase classname="LearnMaven.LearnMTS.RestApiTest" name="postMeta" time="0.005"/>
  <system-out/>
</testsuite> <!-- LearnMaven.LearnMTS.RestApiTest -->
