<?xml version="1.0" encoding="UTF-8"?>
<!-- Generated by org.testng.reporters.JUnitReportReporter -->
<testsuite hostname="HAMILTON-QA1L" failures="0" tests="2" name="LearnMaven.LearnMTS.SelTest" time="0.001" errors="0" timestamp="2022-05-10T16:00:46 IST" skipped="0">
  <testcase classname="LearnMaven.LearnMTS.SelTest" name="elementsUI" time="0.000"/>
  <system-out/>
  <testcase classname="LearnMaven.LearnMTS.SelTest" name="elementsUI" time="0.001"/>
  <system-out/>
</testsuite> <!-- LearnMaven.LearnMTS.SelTest -->
