<?xml version="1.0" encoding="UTF-8"?>
<!-- Generated by org.testng.reporters.JUnitReportReporter -->
<testsuite skipped="0" hostname="HAMILTON-QA1L" name="LearnMaven.LearnMTS.RestApiTest" tests="2" failures="0" timestamp="2022-05-03T18:34:52 IST" time="0.006" errors="0">
  <testcase name="postJira" time="0.001" classname="LearnMaven.LearnMTS.RestApiTest"/>
  <system-out/>
  <testcase name="deleteTwitter" time="0.005" classname="LearnMaven.LearnMTS.RestApiTest"/>
  <system-out/>
</testsuite> <!-- LearnMaven.LearnMTS.RestApiTest -->
