<?xml version="1.0" encoding="UTF-8"?>
<!-- Generated by org.testng.reporters.JUnitReportReporter -->
<testsuite skipped="0" hostname="HAMILTON-QA1L" name="LearnMaven.LearnMTS.SelTest" tests="2" failures="0" timestamp="2022-05-03T18:34:52 IST" time="0.001" errors="0">
  <testcase name="elementsUI" time="0.000" classname="LearnMaven.LearnMTS.SelTest"/>
  <system-out/>
  <testcase name="browserAutomation" time="0.001" classname="LearnMaven.LearnMTS.SelTest"/>
  <system-out/>
</testsuite> <!-- LearnMaven.LearnMTS.SelTest -->
