<?xml version="1.0" encoding="UTF-8"?>
<!-- Generated by org.testng.reporters.JUnitReportReporter -->
<testsuite hostname="HAMILTON-QA1L" failures="0" tests="5" name="LearnMaven.LearnMTS.RestApiTest" time="0.000" errors="0" timestamp="2022-07-26T17:04:13 IST" skipped="0">
  <testcase classname="LearnMaven.LearnMTS.RestApiTest" name="postInsta" time="0.000"/>
  <system-out/>
  <testcase classname="LearnMaven.LearnMTS.RestApiTest" name="deleteTwitter" time="0.000"/>
  <system-out/>
  <testcase classname="LearnMaven.LearnMTS.RestApiTest" name="postMeta" time="0.000"/>
  <system-out/>
  <testcase classname="LearnMaven.LearnMTS.RestApiTest" name="postJira" time="0.000"/>
  <system-out/>
  <testcase classname="LearnMaven.LearnMTS.RestApiTest" name="postFB" time="0.000"/>
  <system-out/>
</testsuite> <!-- LearnMaven.LearnMTS.RestApiTest -->
