<?xml version="1.0" encoding="UTF-8"?>
<!-- Generated by org.testng.reporters.JUnitReportReporter -->
<testsuite hostname="HAMILTON-QA1L" failures="0" tests="2" name="LearnMaven.LearnMTS.AnnotationsTest" time="0.004" errors="0" timestamp="2022-07-26T17:22:00 IST" skipped="0">
  <testcase classname="LearnMaven.LearnMTS.AnnotationsTest" name="deleteTwitter" time="0.001"/>
  <system-out/>
  <testcase classname="LearnMaven.LearnMTS.AnnotationsTest" name="deleteFB" time="0.003"/>
  <system-out/>
</testsuite> <!-- LearnMaven.LearnMTS.AnnotationsTest -->
