<?xml version="1.0" encoding="UTF-8"?>
<!-- Generated by org.testng.reporters.JUnitReportReporter -->
<testsuite hostname="HAMILTON-QA1L" failures="0" tests="2" name="LearnMaven.LearnMTS.ApiTest" time="0.000" errors="0" timestamp="2022-07-26T17:22:00 IST" skipped="1">
  <testcase classname="LearnMaven.LearnMTS.ApiTest" name="AndroidApp" time="0.000"/>
  <system-out/>
  <testcase classname="LearnMaven.LearnMTS.ApiTest" name="IOSapp">
    <skipped/>
  </testcase> <!-- IOSapp -->
  <system-out/>
</testsuite> <!-- LearnMaven.LearnMTS.ApiTest -->
