<?xml version="1.0" encoding="UTF-8"?>
<!-- Generated by org.testng.reporters.JUnitReportReporter -->
<testsuite skipped="0" hostname="HAMILTON-QA1L" name="LearnMaven.LearnMTS.ApiTest" tests="2" failures="0" timestamp="2022-05-03T18:34:40 IST" time="0.001" errors="0">
  <testcase name="IOSapp" time="0.000" classname="LearnMaven.LearnMTS.ApiTest"/>
  <system-out/>
  <testcase name="AndroidApp" time="0.001" classname="LearnMaven.LearnMTS.ApiTest"/>
  <system-out/>
</testsuite> <!-- LearnMaven.LearnMTS.ApiTest -->
